<?xml version="1.0" encoding="UTF-8"?>
<testsuite xmlns:xsi="http://www.w3.org/2001/XMLSchema-instance" xsi:schemaLocation="https://maven.apache.org/surefire/maven-surefire-plugin/xsd/surefire-test-report.xsd" name="runner.RunTest" time="1.098" tests="1" errors="0" skipped="1" failures="0">
  <properties>
[...]
</properties>
  <testcase name="I go to the site and check title" classname="I want to test google title" time="0">
    <skipped/>
    <system-out><![CDATA[
Scenario: I go to the site and check title &amp#27;[90m# src/test/resources/first.feature:2&amp#27;[0m
  &amp#27;[33mWhen &amp#27;[0m&amp#27;[33mI go to the site&amp#27;[0m                    &amp#27;[90m# null&amp#27;[0m
  &amp#27;[33mThen &amp#27;[0m&amp#27;[33mI check that title is correct&amp#27;[0m       &amp#27;[90m# null&amp#27;[0m
]]></system-out>
    <system-err><![CDATA[янв. 01, 2021 3:57:00 PM io.cucumber.junit.Cucumber <init>
WARNING: By default Cucumber is running in --non-strict mode.
This default will change to --strict and --non-strict will be removed.
You can use --strict or @CucumberOptions(strict = true) to suppress this warning
]]></system-err>
  </testcase>
</testsuite>